#
# There is insufficient memory for the Java Runtime Environment to continue.
# Native memory allocation (malloc) failed to allocate 1936016 bytes. Error detail: Chunk::new
# Possible reasons:
#   The system is out of physical RAM or swap space
#   This process is running with CompressedOops enabled, and the Java Heap may be blocking the growth of the native heap
# Possible solutions:
#   Reduce memory load on the system
#   Increase physical memory or swap space
#   Check if swap backing store is full
#   Decrease Java heap size (-Xmx/-Xms)
#   Decrease number of Java threads
#   Decrease Java thread stack sizes (-Xss)
#   Set larger code cache with -XX:ReservedCodeCacheSize=
#   JVM is running with Unscaled Compressed Oops mode in which the Java heap is
#     placed in the first 4GB address space. The Java Heap base address is the
#     maximum limit for the native heap growth. Please use -XX:HeapBaseMinAddress
#     to set the Java Heap base and to place the Java Heap above 4GB virtual address.
# This output file may be truncated or incomplete.
#
#  Out of Memory Error (arena.cpp:191), pid=18724, tid=16928
#
# JRE version: OpenJDK Runtime Environment Temurin-17.0.13+11 (17.0.13+11) (build 17.0.13+11)
# Java VM: OpenJDK 64-Bit Server VM Temurin-17.0.13+11 (17.0.13+11, mixed mode, tiered, compressed oops, compressed class ptrs, parallel gc, windows-amd64)
# No core dump will be written. Minidumps are not enabled by default on client versions of Windows
#

---------------  S U M M A R Y ------------

Command Line: --add-modules=ALL-SYSTEM --add-opens=java.base/java.util=ALL-UNNAMED --add-opens=java.base/java.lang=ALL-UNNAMED --add-opens=java.base/sun.nio.fs=ALL-UNNAMED -Declipse.application=org.eclipse.jdt.ls.core.id1 -Dosgi.bundles.defaultStartLevel=4 -Declipse.product=org.eclipse.jdt.ls.core.product -Djava.import.generatesMetadataFilesAtProjectRoot=false -DDetectVMInstallationsJob.disabled=true -Dfile.encoding=utf8 -XX:+UseParallelGC -XX:GCTimeRatio=4 -XX:AdaptiveSizePolicyWeight=90 -Dsun.zip.disableMemoryMapping=true -Xmx1G -Xms100m -Xlog:disable -javaagent:c:\Users\napol\.vscode\extensions\redhat.java-1.38.0-win32-x64\lombok\lombok-1.18.34.jar -XX:+HeapDumpOnOutOfMemoryError -XX:HeapDumpPath=c:\Users\napol\AppData\Roaming\Code\User\workspaceStorage\371b05527a7bda087bace31789946f13\redhat.java -Daether.dependencyCollector.impl=bf c:\Users\napol\.vscode\extensions\redhat.java-1.38.0-win32-x64\server\plugins\org.eclipse.equinox.launcher_1.6.900.v20240613-2009.jar -configuration c:\Users\napol\AppData\Roaming\Code\User\globalStorage\redhat.java\1.38.0\config_win -data c:\Users\napol\AppData\Roaming\Code\User\workspaceStorage\371b05527a7bda087bace31789946f13\redhat.java\jdt_ws --pipe=\\.\pipe\lsp-6a1c336cbd140d5cabf1e3df7931f0da-sock

Host: AMD Ryzen 7 4800H with Radeon Graphics         , 16 cores, 15G,  Windows 10 , 64 bit Build 19041 (10.0.19041.5198)
Time: Tue Jan 14 20:58:18 2025 RTZ 2 (s 10 , 64 bit Build 19041 (10.0.19041.5198) elapsed time: 4601.913623 seconds (0d 1h 16m 41s)

---------------  T H R E A D  ---------------

Current thread (0x00000208bebd8dd0):  JavaThread "C2 CompilerThread0" daemon [_thread_in_native, id=16928, stack(0x000000f696e00000,0x000000f696f00000)]


Current CompileTask:
C2:4601913 19697       4       org.eclipse.jdt.internal.compiler.util.JrtFileSystem::getClassfileFromModule (93 bytes)

Stack: [0x000000f696e00000,0x000000f696f00000]
Native frames: (J=compiled Java code, j=interpreted, Vv=VM code, C=native code)
V  [jvm.dll+0x682a19]
V  [jvm.dll+0x839538]
V  [jvm.dll+0x83afe3]
V  [jvm.dll+0x83b653]
V  [jvm.dll+0x24704f]
V  [jvm.dll+0xace34]
V  [jvm.dll+0xad4cc]
V  [jvm.dll+0x36597e]
V  [jvm.dll+0x32fbd8]
V  [jvm.dll+0x32f05a]
V  [jvm.dll+0x21804f]
V  [jvm.dll+0x21748f]
V  [jvm.dll+0x1a3070]
V  [jvm.dll+0x22788c]
V  [jvm.dll+0x2259eb]
V  [jvm.dll+0x7eec98]
V  [jvm.dll+0x7e8ffc]
V  [jvm.dll+0x6818f7]
C  [ucrtbase.dll+0x21bb2]
C  [KERNEL32.DLL+0x17374]
C  [ntdll.dll+0x4cc91]


---------------  P R O C E S S  ---------------

Threads class SMR info:
_java_thread_list=0x00000208c8614b90, length=64, elements={
0x00000208a59e5840, 0x00000208b98768f0, 0x00000208beb87010, 0x00000208b987e3d0,
0x00000208bebce010, 0x00000208bebcf2e0, 0x00000208bebd3470, 0x00000208bebd8dd0,
0x00000208bebdace0, 0x00000208bebec550, 0x00000208becf0380, 0x00000208c0b507f0,
0x00000208c1298720, 0x00000208c0bed3a0, 0x00000208c19552e0, 0x00000208c19ff600,
0x00000208c1c43f10, 0x00000208c1b9a930, 0x00000208c1b99a00, 0x00000208c1b9ae40,
0x00000208c1b9b860, 0x00000208c1b9bd70, 0x00000208c1b98fe0, 0x00000208c6a68f40,
0x00000208c6a6bcd0, 0x00000208c6a6db30, 0x00000208c6a68520, 0x00000208c6a6a890,
0x00000208c6a6c1e0, 0x00000208c6a6c6f0, 0x00000208c6a6a380, 0x00000208c6a6cc00,
0x00000208c6a6e550, 0x00000208c6a68a30, 0x00000208c6a6b2b0, 0x00000208c6a6d110,
0x00000208c6a6d620, 0x00000208c6a6ada0, 0x00000208c6a6e040, 0x00000208c6a69960,
0x00000208c6a6ea60, 0x00000208c6a675f0, 0x00000208c7c39670, 0x00000208c5e50cc0,
0x00000208c3d75ef0, 0x00000208c3d7a0c0, 0x00000208c3d77330, 0x00000208c3d77840,
0x00000208c3d7aff0, 0x00000208c3d79bb0, 0x00000208c3d74090, 0x00000208c3d77d50,
0x00000208c3d796a0, 0x00000208c3d78260, 0x00000208c3d79190, 0x00000208c3d78770,
0x00000208c3d78c80, 0x00000208c3d7a5d0, 0x00000208c3d7ba10, 0x00000208c3d745a0,
0x00000208c8f3bbb0, 0x00000208c8f39130, 0x00000208c8f3abc0, 0x00000208c8f3cba0
}

Java Threads: ( => current thread )
  0x00000208a59e5840 JavaThread "main" [_thread_blocked, id=11632, stack(0x000000f696500000,0x000000f696600000)]
  0x00000208b98768f0 JavaThread "Reference Handler" daemon [_thread_blocked, id=9316, stack(0x000000f696800000,0x000000f696900000)]
  0x00000208beb87010 JavaThread "Finalizer" daemon [_thread_blocked, id=2316, stack(0x000000f696900000,0x000000f696a00000)]
  0x00000208b987e3d0 JavaThread "Signal Dispatcher" daemon [_thread_blocked, id=15744, stack(0x000000f696a00000,0x000000f696b00000)]
  0x00000208bebce010 JavaThread "Attach Listener" daemon [_thread_blocked, id=20156, stack(0x000000f696b00000,0x000000f696c00000)]
  0x00000208bebcf2e0 JavaThread "Service Thread" daemon [_thread_blocked, id=19388, stack(0x000000f696c00000,0x000000f696d00000)]
  0x00000208bebd3470 JavaThread "Monitor Deflation Thread" daemon [_thread_blocked, id=20564, stack(0x000000f696d00000,0x000000f696e00000)]
=>0x00000208bebd8dd0 JavaThread "C2 CompilerThread0" daemon [_thread_in_native, id=16928, stack(0x000000f696e00000,0x000000f696f00000)]
  0x00000208bebdace0 JavaThread "C1 CompilerThread0" daemon [_thread_blocked, id=20320, stack(0x000000f696f00000,0x000000f697000000)]
  0x00000208bebec550 JavaThread "Sweeper thread" daemon [_thread_blocked, id=2004, stack(0x000000f697000000,0x000000f697100000)]
  0x00000208becf0380 JavaThread "Common-Cleaner" daemon [_thread_blocked, id=5372, stack(0x000000f697100000,0x000000f697200000)]
  0x00000208c0b507f0 JavaThread "Notification Thread" daemon [_thread_blocked, id=13580, stack(0x000000f697500000,0x000000f697600000)]
  0x00000208c1298720 JavaThread "Active Thread: Equinox Container: a98e8f96-85d1-4bb4-90b5-68c6d0926736" [_thread_blocked, id=17076, stack(0x000000f697d00000,0x000000f697e00000)]
  0x00000208c0bed3a0 JavaThread "Refresh Thread: Equinox Container: a98e8f96-85d1-4bb4-90b5-68c6d0926736" daemon [_thread_blocked, id=14380, stack(0x000000f697700000,0x000000f697800000)]
  0x00000208c19552e0 JavaThread "Framework Event Dispatcher: Equinox Container: a98e8f96-85d1-4bb4-90b5-68c6d0926736" daemon [_thread_blocked, id=3040, stack(0x000000f697e00000,0x000000f697f00000)]
  0x00000208c19ff600 JavaThread "Start Level: Equinox Container: a98e8f96-85d1-4bb4-90b5-68c6d0926736" daemon [_thread_blocked, id=10320, stack(0x000000f698100000,0x000000f698200000)]
  0x00000208c1c43f10 JavaThread "Bundle File Closer" daemon [_thread_blocked, id=17100, stack(0x000000f698400000,0x000000f698500000)]
  0x00000208c1b9a930 JavaThread "SCR Component Actor" daemon [_thread_blocked, id=10904, stack(0x000000f698300000,0x000000f698400000)]
  0x00000208c1b99a00 JavaThread "Worker-JM" [_thread_blocked, id=21296, stack(0x000000f698900000,0x000000f698a00000)]
  0x00000208c1b9ae40 JavaThread "JNA Cleaner" daemon [_thread_blocked, id=16516, stack(0x000000f698c00000,0x000000f698d00000)]
  0x00000208c1b9b860 JavaThread "Java indexing" daemon [_thread_blocked, id=5660, stack(0x000000f699500000,0x000000f699600000)]
  0x00000208c1b9bd70 JavaThread "Thread-2" daemon [_thread_in_native, id=3876, stack(0x000000f699600000,0x000000f699700000)]
  0x00000208c1b98fe0 JavaThread "Thread-3" daemon [_thread_in_native, id=19376, stack(0x000000f699700000,0x000000f699800000)]
  0x00000208c6a68f40 JavaThread "Thread-4" daemon [_thread_in_native, id=9036, stack(0x000000f699800000,0x000000f699900000)]
  0x00000208c6a6bcd0 JavaThread "Thread-5" daemon [_thread_in_native, id=2768, stack(0x000000f699900000,0x000000f699a00000)]
  0x00000208c6a6db30 JavaThread "Thread-6" daemon [_thread_in_native, id=1472, stack(0x000000f699a00000,0x000000f699b00000)]
  0x00000208c6a68520 JavaThread "Thread-7" daemon [_thread_in_native, id=3660, stack(0x000000f699b00000,0x000000f699c00000)]
  0x00000208c6a6a890 JavaThread "Thread-8" daemon [_thread_in_native, id=5556, stack(0x000000f699c00000,0x000000f699d00000)]
  0x00000208c6a6c1e0 JavaThread "Thread-9" daemon [_thread_in_native, id=6968, stack(0x000000f699d00000,0x000000f699e00000)]
  0x00000208c6a6c6f0 JavaThread "Thread-10" daemon [_thread_in_native, id=20044, stack(0x000000f699e00000,0x000000f699f00000)]
  0x00000208c6a6a380 JavaThread "Thread-11" daemon [_thread_in_native, id=16372, stack(0x000000f699f00000,0x000000f69a000000)]
  0x00000208c6a6cc00 JavaThread "Thread-12" daemon [_thread_in_native, id=10688, stack(0x000000f69a000000,0x000000f69a100000)]
  0x00000208c6a6e550 JavaThread "Thread-13" daemon [_thread_in_native, id=20376, stack(0x000000f69a100000,0x000000f69a200000)]
  0x00000208c6a68a30 JavaThread "Thread-14" daemon [_thread_in_native, id=14300, stack(0x000000f69a200000,0x000000f69a300000)]
  0x00000208c6a6b2b0 JavaThread "Thread-15" daemon [_thread_in_native, id=9320, stack(0x000000f69a300000,0x000000f69a400000)]
  0x00000208c6a6d110 JavaThread "Thread-16" daemon [_thread_in_native, id=4464, stack(0x000000f69a400000,0x000000f69a500000)]
  0x00000208c6a6d620 JavaThread "Thread-17" daemon [_thread_in_native, id=10988, stack(0x000000f69a500000,0x000000f69a600000)]
  0x00000208c6a6ada0 JavaThread "Thread-18" daemon [_thread_in_native, id=15732, stack(0x000000f69a600000,0x000000f69a700000)]
  0x00000208c6a6e040 JavaThread "pool-2-thread-1" [_thread_blocked, id=8788, stack(0x000000f69a700000,0x000000f69a800000)]
  0x00000208c6a69960 JavaThread "Worker-4" [_thread_blocked, id=14284, stack(0x000000f69aa00000,0x000000f69ab00000)]
  0x00000208c6a6ea60 JavaThread "WorkspaceEventsHandler" [_thread_blocked, id=15736, stack(0x000000f69ac00000,0x000000f69ad00000)]
  0x00000208c6a675f0 JavaThread "pool-1-thread-1" [_thread_blocked, id=7428, stack(0x000000f69ad00000,0x000000f69ae00000)]
  0x00000208c7c39670 JavaThread "Cleaner-0" daemon [_thread_blocked, id=13968, stack(0x000000f69e800000,0x000000f69e900000)]
  0x00000208c5e50cc0 JavaThread "ForkJoinPool.commonPool-worker-44" daemon [_thread_blocked, id=25484, stack(0x000000f696200000,0x000000f696300000)]
  0x00000208c3d75ef0 JavaThread "Worker-8" [_thread_blocked, id=21424, stack(0x000000f69b100000,0x000000f69b200000)]
  0x00000208c3d7a0c0 JavaThread "ForkJoinPool.commonPool-worker-57" daemon [_thread_blocked, id=26448, stack(0x000000f696300000,0x000000f696400000)]
  0x00000208c3d77330 JavaThread "ForkJoinPool.commonPool-worker-58" daemon [_thread_blocked, id=2712, stack(0x000000f696400000,0x000000f696500000)]
  0x00000208c3d77840 JavaThread "ForkJoinPool.commonPool-worker-59" daemon [_thread_blocked, id=12452, stack(0x000000f697200000,0x000000f697300000)]
  0x00000208c3d7aff0 JavaThread "ForkJoinPool.commonPool-worker-60" daemon [_thread_blocked, id=11104, stack(0x000000f697400000,0x000000f697500000)]
  0x00000208c3d79bb0 JavaThread "ForkJoinPool.commonPool-worker-61" daemon [_thread_blocked, id=6320, stack(0x000000f697300000,0x000000f697400000)]
  0x00000208c3d74090 JavaThread "Worker-9" [_thread_blocked, id=21784, stack(0x000000f698700000,0x000000f698800000)]
  0x00000208c3d77d50 JavaThread "ForkJoinPool.commonPool-worker-62" daemon [_thread_blocked, id=4544, stack(0x000000f698a00000,0x000000f698b00000)]
  0x00000208c3d796a0 JavaThread "ForkJoinPool.commonPool-worker-63" daemon [_thread_blocked, id=13788, stack(0x000000f698b00000,0x000000f698c00000)]
  0x00000208c3d78260 JavaThread "ForkJoinPool.commonPool-worker-64" daemon [_thread_blocked, id=13740, stack(0x000000f698d00000,0x000000f698e00000)]
  0x00000208c3d79190 JavaThread "ForkJoinPool.commonPool-worker-65" daemon [_thread_blocked, id=15868, stack(0x000000f699000000,0x000000f699100000)]
  0x00000208c3d78770 JavaThread "ForkJoinPool.commonPool-worker-66" daemon [_thread_blocked, id=21984, stack(0x000000f699100000,0x000000f699200000)]
  0x00000208c3d78c80 JavaThread "ForkJoinPool.commonPool-worker-67" daemon [_thread_blocked, id=4036, stack(0x000000f699200000,0x000000f699300000)]
  0x00000208c3d7a5d0 JavaThread "ForkJoinPool.commonPool-worker-68" daemon [_thread_blocked, id=24476, stack(0x000000f699300000,0x000000f699400000)]
  0x00000208c3d7ba10 JavaThread "ForkJoinPool.commonPool-worker-69" daemon [_thread_blocked, id=23692, stack(0x000000f699400000,0x000000f699500000)]
  0x00000208c3d745a0 JavaThread "ForkJoinPool.commonPool-worker-70" daemon [_thread_blocked, id=11344, stack(0x000000f69a800000,0x000000f69a900000)]
  0x00000208c8f3bbb0 JavaThread "C1 CompilerThread1" daemon [_thread_blocked, id=25208, stack(0x000000f69a900000,0x000000f69aa00000)]
  0x00000208c8f39130 JavaThread "C1 CompilerThread2" daemon [_thread_blocked, id=18832, stack(0x000000f69ab00000,0x000000f69ac00000)]
  0x00000208c8f3abc0 JavaThread "C2 CompilerThread1" daemon [_thread_blocked, id=24596, stack(0x000000f698e00000,0x000000f698f00000)]
  0x00000208c8f3cba0 JavaThread "C2 CompilerThread2" daemon [_thread_in_native, id=25744, stack(0x000000f69ae00000,0x000000f69af00000)]

Other Threads:
  0x00000208a5a9d860 VMThread "VM Thread" [stack: 0x000000f696700000,0x000000f696800000] [id=16852]
  0x00000208c0bf4260 WatcherThread [stack: 0x000000f697600000,0x000000f697700000] [id=15972]
  0x00000208a59fa0d0 GCTaskThread "GC Thread#0" [stack: 0x000000f696600000,0x000000f696700000] [id=9756]
  0x00000208c0c883c0 GCTaskThread "GC Thread#1" [stack: 0x000000f697800000,0x000000f697900000] [id=2496]
  0x00000208c0f8ad60 GCTaskThread "GC Thread#2" [stack: 0x000000f697900000,0x000000f697a00000] [id=16536]
  0x00000208c0f852b0 GCTaskThread "GC Thread#3" [stack: 0x000000f697a00000,0x000000f697b00000] [id=6648]
  0x00000208c0f85570 GCTaskThread "GC Thread#4" [stack: 0x000000f697b00000,0x000000f697c00000] [id=6872]
  0x00000208c0f85830 GCTaskThread "GC Thread#5" [stack: 0x000000f697c00000,0x000000f697d00000] [id=11192]
  0x00000208c195dba0 GCTaskThread "GC Thread#6" [stack: 0x000000f697f00000,0x000000f698000000] [id=17016]
  0x00000208c119d900 GCTaskThread "GC Thread#7" [stack: 0x000000f698000000,0x000000f698100000] [id=10168]
  0x00000208c18e56c0 GCTaskThread "GC Thread#8" [stack: 0x000000f698500000,0x000000f698600000] [id=9012]
  0x00000208c18e5980 GCTaskThread "GC Thread#9" [stack: 0x000000f698600000,0x000000f698700000] [id=10408]
  0x00000208c1aeb9c0 GCTaskThread "GC Thread#10" [stack: 0x000000f698200000,0x000000f698300000] [id=10252]
  0x00000208c1aebc80 GCTaskThread "GC Thread#11" [stack: 0x000000f698800000,0x000000f698900000] [id=16832]
  0x00000208c1afc880 GCTaskThread "GC Thread#12" [stack: 0x000000f698f00000,0x000000f699000000] [id=7704]

Threads with active compile tasks:
C2 CompilerThread0  4601944 19697       4       org.eclipse.jdt.internal.compiler.util.JrtFileSystem::getClassfileFromModule (93 bytes)
C2 CompilerThread2  4601944 19698       4       org.eclipse.jdt.internal.compiler.util.SoftClassCache$ClassBytes::getBytes (65 bytes)

VM state: not at safepoint (normal execution)

VM Mutex/Monitor currently owned by a thread: None

Heap address: 0x00000000c0000000, size: 1024 MB, Compressed Oops mode: 32-bit

CDS archive(s) not mapped
Compressed class space mapped at: 0x0000000100000000-0x0000000140000000, reserved size: 1073741824
Narrow klass base: 0x0000000000000000, Narrow klass shift: 3, Narrow klass range: 0x140000000

GC Precious Log:
 CPUs: 16 total, 16 available
 Memory: 15791M
 Large Page Support: Disabled
 NUMA Support: Disabled
 Compressed Oops: Enabled (32-bit)
 Alignments: Space 512K, Generation 512K, Heap 2M
 Heap Min Capacity: 100M
 Heap Initial Capacity: 100M
 Heap Max Capacity: 1G
 Pre-touch: Disabled
 Parallel Workers: 13

Heap:
 PSYoungGen      total 4096K, used 1034K [0x00000000eab00000, 0x00000000eb000000, 0x0000000100000000)
  eden space 3072K, 16% used [0x00000000eab00000,0x00000000eab828f0,0x00000000eae00000)
  from space 1024K, 50% used [0x00000000eae00000,0x00000000eae80020,0x00000000eaf00000)
  to   space 1024K, 0% used [0x00000000eaf00000,0x00000000eaf00000,0x00000000eb000000)
 ParOldGen       total 180736K, used 148984K [0x00000000c0000000, 0x00000000cb080000, 0x00000000eab00000)
  object space 180736K, 82% used [0x00000000c0000000,0x00000000c917e158,0x00000000cb080000)
 Metaspace       used 86424K, committed 87744K, reserved 1179648K
  class space    used 8625K, committed 9216K, reserved 1048576K

Card table byte_map: [0x00000208a5380000,0x00000208a5590000] _byte_map_base: 0x00000208a4d80000

Marking Bits: (ParMarkBitMap*) 0x00007fff04756940
 Begin Bits: [0x00000208b7680000, 0x00000208b8680000)
 End Bits:   [0x00000208b8680000, 0x00000208b9680000)

Polling page: 0x00000208a3910000

Metaspace:

Usage:
  Non-class:     75.98 MB used.
      Class:      8.42 MB used.
       Both:     84.40 MB used.

Virtual space:
  Non-class space:      128.00 MB reserved,      76.69 MB ( 60%) committed,  2 nodes.
      Class space:        1.00 GB reserved,       9.00 MB ( <1%) committed,  1 nodes.
             Both:        1.12 GB reserved,      85.69 MB (  7%) committed. 

Chunk freelists:
   Non-Class:  2.97 MB
       Class:  6.89 MB
        Both:  9.86 MB

MaxMetaspaceSize: unlimited
CompressedClassSpaceSize: 1.00 GB
Initial GC threshold: 21.00 MB
Current GC threshold: 140.62 MB
CDS: off
MetaspaceReclaimPolicy: balanced
 - commit_granule_bytes: 65536.
 - commit_granule_words: 8192.
 - virtual_space_node_default_size: 8388608.
 - enlarge_chunks_in_place: 1.
 - new_chunks_are_fully_committed: 0.
 - uncommit_free_chunks: 1.
 - use_allocation_guard: 0.
 - handle_deallocations: 1.


Internal statistics:

num_allocs_failed_limit: 6.
num_arena_births: 1182.
num_arena_deaths: 382.
num_vsnodes_births: 3.
num_vsnodes_deaths: 0.
num_space_committed: 1371.
num_space_uncommitted: 0.
num_chunks_returned_to_freelist: 482.
num_chunks_taken_from_freelist: 5240.
num_chunk_merges: 181.
num_chunk_splits: 2979.
num_chunks_enlarged: 1535.
num_inconsistent_stats: 0.

CodeHeap 'non-profiled nmethods': size=119168Kb used=14627Kb max_used=14627Kb free=104540Kb
 bounds [0x00000208b0220000, 0x00000208b1070000, 0x00000208b7680000]
CodeHeap 'profiled nmethods': size=119104Kb used=34939Kb max_used=34939Kb free=84164Kb
 bounds [0x00000208a8680000, 0x00000208aa8c0000, 0x00000208afad0000]
CodeHeap 'non-nmethods': size=7488Kb used=2540Kb max_used=3191Kb free=4947Kb
 bounds [0x00000208afad0000, 0x00000208afe00000, 0x00000208b0220000]
 total_blobs=16144 nmethods=15377 adapters=676
 compilation: enabled
              stopped_count=0, restarted_count=0
 full_count=0

Compilation events (20 events):
Event: 4601.851 Thread 0x00000208bebdace0 nmethod 19747 0x00000208aa549890 code [0x00000208aa549a40, 0x00000208aa549ce8]
Event: 4601.852 Thread 0x00000208c8f39130 19748       1       org.eclipse.text.edits.TextEdit::getLength (5 bytes)
Event: 4601.852 Thread 0x00000208c8f39130 nmethod 19748 0x00000208b0d2ff10 code [0x00000208b0d300a0, 0x00000208b0d30178]
Event: 4601.853 Thread 0x00000208c8f39130 19749       3       org.eclipse.jdt.internal.corext.dom.GenericVisitor::visit (6 bytes)
Event: 4601.853 Thread 0x00000208c8f39130 nmethod 19749 0x00000208aa549490 code [0x00000208aa549640, 0x00000208aa549808]
Event: 4601.853 Thread 0x00000208c8f39130 19750       3       org.eclipse.jdt.internal.corext.dom.GenericVisitor::endVisit (6 bytes)
Event: 4601.854 Thread 0x00000208c8f39130 nmethod 19750 0x00000208aa549010 code [0x00000208aa5491a0, 0x00000208aa549378]
Event: 4601.855 Thread 0x00000208bebdace0 19753       3       org.eclipse.jdt.core.dom.ASTVisitor::endVisit (1 bytes)
Event: 4601.855 Thread 0x00000208c8f3bbb0 19754       1       org.eclipse.jdt.core.dom.TryStatement::getFinally (5 bytes)
Event: 4601.855 Thread 0x00000208c8f3bbb0 nmethod 19754 0x00000208b1067190 code [0x00000208b1067320, 0x00000208b10673f8]
Event: 4601.855 Thread 0x00000208bebdace0 nmethod 19753 0x00000208aa3a2290 code [0x00000208aa3a2420, 0x00000208aa3a2538]
Event: 4601.857 Thread 0x00000208c8f3abc0 nmethod 19711 0x00000208b1067490 code [0x00000208b1067620, 0x00000208b1067c58]
Event: 4601.857 Thread 0x00000208c8f3abc0 19751       4       org.eclipse.jdt.core.dom.SimpleType::accept0 (46 bytes)
Event: 4601.859 Thread 0x00000208c8f3abc0 nmethod 19751 0x00000208b1067e90 code [0x00000208b1068020, 0x00000208b1068198]
Event: 4601.859 Thread 0x00000208c8f3abc0 19752   !   4       org.eclipse.jdt.core.dom.SimpleType::getName (60 bytes)
Event: 4601.860 Thread 0x00000208c8f3abc0 nmethod 19752 0x00000208b1068390 code [0x00000208b1068500, 0x00000208b1068598]
Event: 4601.860 Thread 0x00000208c8f3abc0 19715       4       org.eclipse.jdt.internal.compiler.ASTVisitor::endVisit (1 bytes)
Event: 4601.860 Thread 0x00000208c8f3abc0 nmethod 19715 0x00000208b1068690 code [0x00000208b1068800, 0x00000208b1068878]
Event: 4601.886 Thread 0x00000208c8f39130 19755       1       org.eclipse.jdt.internal.core.PackageDeclaration::getElementName (5 bytes)
Event: 4601.887 Thread 0x00000208c8f39130 nmethod 19755 0x00000208b1068990 code [0x00000208b1068b20, 0x00000208b1068bf8]

GC Heap History (20 events):
Event: 4600.688 GC heap before
{Heap before GC invocations=711 (full 17):
 PSYoungGen      total 4096K, used 3540K [0x00000000eab00000, 0x00000000eb000000, 0x0000000100000000)
  eden space 3072K, 100% used [0x00000000eab00000,0x00000000eae00000,0x00000000eae00000)
  from space 1024K, 45% used [0x00000000eae00000,0x00000000eae75200,0x00000000eaf00000)
  to   space 1024K, 0% used [0x00000000eaf00000,0x00000000eaf00000,0x00000000eb000000)
 ParOldGen       total 180736K, used 145891K [0x00000000c0000000, 0x00000000cb080000, 0x00000000eab00000)
  object space 180736K, 80% used [0x00000000c0000000,0x00000000c8e78e98,0x00000000cb080000)
 Metaspace       used 86350K, committed 87680K, reserved 1179648K
  class space    used 8612K, committed 9216K, reserved 1048576K
}
Event: 4600.688 GC heap after
{Heap after GC invocations=711 (full 17):
 PSYoungGen      total 4096K, used 688K [0x00000000eab00000, 0x00000000eb100000, 0x0000000100000000)
  eden space 3072K, 0% used [0x00000000eab00000,0x00000000eab00000,0x00000000eae00000)
  from space 1024K, 67% used [0x00000000eaf00000,0x00000000eafac010,0x00000000eb000000)
  to   space 1024K, 0% used [0x00000000eae00000,0x00000000eae00000,0x00000000eaf00000)
 ParOldGen       total 180736K, used 146149K [0x00000000c0000000, 0x00000000cb080000, 0x00000000eab00000)
  object space 180736K, 80% used [0x00000000c0000000,0x00000000c8eb9498,0x00000000cb080000)
 Metaspace       used 86350K, committed 87680K, reserved 1179648K
  class space    used 8612K, committed 9216K, reserved 1048576K
}
Event: 4600.697 GC heap before
{Heap before GC invocations=712 (full 17):
 PSYoungGen      total 4096K, used 3760K [0x00000000eab00000, 0x00000000eb100000, 0x0000000100000000)
  eden space 3072K, 100% used [0x00000000eab00000,0x00000000eae00000,0x00000000eae00000)
  from space 1024K, 67% used [0x00000000eaf00000,0x00000000eafac010,0x00000000eb000000)
  to   space 1024K, 0% used [0x00000000eae00000,0x00000000eae00000,0x00000000eaf00000)
 ParOldGen       total 180736K, used 146149K [0x00000000c0000000, 0x00000000cb080000, 0x00000000eab00000)
  object space 180736K, 80% used [0x00000000c0000000,0x00000000c8eb9498,0x00000000cb080000)
 Metaspace       used 86352K, committed 87680K, reserved 1179648K
  class space    used 8612K, committed 9216K, reserved 1048576K
}
Event: 4600.698 GC heap after
{Heap after GC invocations=712 (full 17):
 PSYoungGen      total 4096K, used 560K [0x00000000eab00000, 0x00000000eb000000, 0x0000000100000000)
  eden space 3072K, 0% used [0x00000000eab00000,0x00000000eab00000,0x00000000eae00000)
  from space 1024K, 54% used [0x00000000eae00000,0x00000000eae8c010,0x00000000eaf00000)
  to   space 1024K, 0% used [0x00000000eaf00000,0x00000000eaf00000,0x00000000eb000000)
 ParOldGen       total 180736K, used 146637K [0x00000000c0000000, 0x00000000cb080000, 0x00000000eab00000)
  object space 180736K, 81% used [0x00000000c0000000,0x00000000c8f334b8,0x00000000cb080000)
 Metaspace       used 86352K, committed 87680K, reserved 1179648K
  class space    used 8612K, committed 9216K, reserved 1048576K
}
Event: 4600.709 GC heap before
{Heap before GC invocations=713 (full 17):
 PSYoungGen      total 4096K, used 3632K [0x00000000eab00000, 0x00000000eb000000, 0x0000000100000000)
  eden space 3072K, 100% used [0x00000000eab00000,0x00000000eae00000,0x00000000eae00000)
  from space 1024K, 54% used [0x00000000eae00000,0x00000000eae8c010,0x00000000eaf00000)
  to   space 1024K, 0% used [0x00000000eaf00000,0x00000000eaf00000,0x00000000eb000000)
 ParOldGen       total 180736K, used 146637K [0x00000000c0000000, 0x00000000cb080000, 0x00000000eab00000)
  object space 180736K, 81% used [0x00000000c0000000,0x00000000c8f334b8,0x00000000cb080000)
 Metaspace       used 86352K, committed 87680K, reserved 1179648K
  class space    used 8612K, committed 9216K, reserved 1048576K
}
Event: 4600.710 GC heap after
{Heap after GC invocations=713 (full 17):
 PSYoungGen      total 4096K, used 512K [0x00000000eab00000, 0x00000000eb000000, 0x0000000100000000)
  eden space 3072K, 0% used [0x00000000eab00000,0x00000000eab00000,0x00000000eae00000)
  from space 1024K, 50% used [0x00000000eaf00000,0x00000000eaf80000,0x00000000eb000000)
  to   space 1024K, 0% used [0x00000000eae00000,0x00000000eae00000,0x00000000eaf00000)
 ParOldGen       total 180736K, used 146985K [0x00000000c0000000, 0x00000000cb080000, 0x00000000eab00000)
  object space 180736K, 81% used [0x00000000c0000000,0x00000000c8f8a6d8,0x00000000cb080000)
 Metaspace       used 86352K, committed 87680K, reserved 1179648K
  class space    used 8612K, committed 9216K, reserved 1048576K
}
Event: 4601.577 GC heap before
{Heap before GC invocations=714 (full 17):
 PSYoungGen      total 4096K, used 3584K [0x00000000eab00000, 0x00000000eb000000, 0x0000000100000000)
  eden space 3072K, 100% used [0x00000000eab00000,0x00000000eae00000,0x00000000eae00000)
  from space 1024K, 50% used [0x00000000eaf00000,0x00000000eaf80000,0x00000000eb000000)
  to   space 1024K, 0% used [0x00000000eae00000,0x00000000eae00000,0x00000000eaf00000)
 ParOldGen       total 180736K, used 146985K [0x00000000c0000000, 0x00000000cb080000, 0x00000000eab00000)
  object space 180736K, 81% used [0x00000000c0000000,0x00000000c8f8a6d8,0x00000000cb080000)
 Metaspace       used 86412K, committed 87744K, reserved 1179648K
  class space    used 8625K, committed 9216K, reserved 1048576K
}
Event: 4601.578 GC heap after
{Heap after GC invocations=714 (full 17):
 PSYoungGen      total 4096K, used 416K [0x00000000eab00000, 0x00000000eaf80000, 0x0000000100000000)
  eden space 3072K, 0% used [0x00000000eab00000,0x00000000eab00000,0x00000000eae00000)
  from space 1024K, 40% used [0x00000000eae00000,0x00000000eae68020,0x00000000eaf00000)
  to   space 512K, 0% used [0x00000000eaf00000,0x00000000eaf00000,0x00000000eaf80000)
 ParOldGen       total 180736K, used 147393K [0x00000000c0000000, 0x00000000cb080000, 0x00000000eab00000)
  object space 180736K, 81% used [0x00000000c0000000,0x00000000c8ff06d8,0x00000000cb080000)
 Metaspace       used 86412K, committed 87744K, reserved 1179648K
  class space    used 8625K, committed 9216K, reserved 1048576K
}
Event: 4601.661 GC heap before
{Heap before GC invocations=715 (full 17):
 PSYoungGen      total 4096K, used 3488K [0x00000000eab00000, 0x00000000eaf80000, 0x0000000100000000)
  eden space 3072K, 100% used [0x00000000eab00000,0x00000000eae00000,0x00000000eae00000)
  from space 1024K, 40% used [0x00000000eae00000,0x00000000eae68020,0x00000000eaf00000)
  to   space 512K, 0% used [0x00000000eaf00000,0x00000000eaf00000,0x00000000eaf80000)
 ParOldGen       total 180736K, used 147393K [0x00000000c0000000, 0x00000000cb080000, 0x00000000eab00000)
  object space 180736K, 81% used [0x00000000c0000000,0x00000000c8ff06d8,0x00000000cb080000)
 Metaspace       used 86412K, committed 87744K, reserved 1179648K
  class space    used 8625K, committed 9216K, reserved 1048576K
}
Event: 4601.662 GC heap after
{Heap after GC invocations=715 (full 17):
 PSYoungGen      total 3584K, used 506K [0x00000000eab00000, 0x00000000eb000000, 0x0000000100000000)
  eden space 3072K, 0% used [0x00000000eab00000,0x00000000eab00000,0x00000000eae00000)
  from space 512K, 98% used [0x00000000eaf00000,0x00000000eaf7e920,0x00000000eaf80000)
  to   space 1024K, 0% used [0x00000000eae00000,0x00000000eae00000,0x00000000eaf00000)
 ParOldGen       total 180736K, used 147633K [0x00000000c0000000, 0x00000000cb080000, 0x00000000eab00000)
  object space 180736K, 81% used [0x00000000c0000000,0x00000000c902c6f8,0x00000000cb080000)
 Metaspace       used 86412K, committed 87744K, reserved 1179648K
  class space    used 8625K, committed 9216K, reserved 1048576K
}
Event: 4601.668 GC heap before
{Heap before GC invocations=716 (full 17):
 PSYoungGen      total 3584K, used 3578K [0x00000000eab00000, 0x00000000eb000000, 0x0000000100000000)
  eden space 3072K, 100% used [0x00000000eab00000,0x00000000eae00000,0x00000000eae00000)
  from space 512K, 98% used [0x00000000eaf00000,0x00000000eaf7e920,0x00000000eaf80000)
  to   space 1024K, 0% used [0x00000000eae00000,0x00000000eae00000,0x00000000eaf00000)
 ParOldGen       total 180736K, used 147633K [0x00000000c0000000, 0x00000000cb080000, 0x00000000eab00000)
  object space 180736K, 81% used [0x00000000c0000000,0x00000000c902c6f8,0x00000000cb080000)
 Metaspace       used 86413K, committed 87744K, reserved 1179648K
  class space    used 8625K, committed 9216K, reserved 1048576K
}
Event: 4601.669 GC heap after
{Heap after GC invocations=716 (full 17):
 PSYoungGen      total 4096K, used 576K [0x00000000eab00000, 0x00000000eb000000, 0x0000000100000000)
  eden space 3072K, 0% used [0x00000000eab00000,0x00000000eab00000,0x00000000eae00000)
  from space 1024K, 56% used [0x00000000eae00000,0x00000000eae90000,0x00000000eaf00000)
  to   space 1024K, 0% used [0x00000000eaf00000,0x00000000eaf00000,0x00000000eb000000)
 ParOldGen       total 180736K, used 147912K [0x00000000c0000000, 0x00000000cb080000, 0x00000000eab00000)
  object space 180736K, 81% used [0x00000000c0000000,0x00000000c9072118,0x00000000cb080000)
 Metaspace       used 86413K, committed 87744K, reserved 1179648K
  class space    used 8625K, committed 9216K, reserved 1048576K
}
Event: 4601.678 GC heap before
{Heap before GC invocations=717 (full 17):
 PSYoungGen      total 4096K, used 3648K [0x00000000eab00000, 0x00000000eb000000, 0x0000000100000000)
  eden space 3072K, 100% used [0x00000000eab00000,0x00000000eae00000,0x00000000eae00000)
  from space 1024K, 56% used [0x00000000eae00000,0x00000000eae90000,0x00000000eaf00000)
  to   space 1024K, 0% used [0x00000000eaf00000,0x00000000eaf00000,0x00000000eb000000)
 ParOldGen       total 180736K, used 147912K [0x00000000c0000000, 0x00000000cb080000, 0x00000000eab00000)
  object space 180736K, 81% used [0x00000000c0000000,0x00000000c9072118,0x00000000cb080000)
 Metaspace       used 86413K, committed 87744K, reserved 1179648K
  class space    used 8625K, committed 9216K, reserved 1048576K
}
Event: 4601.679 GC heap after
{Heap after GC invocations=717 (full 17):
 PSYoungGen      total 3584K, used 448K [0x00000000eab00000, 0x00000000eaf80000, 0x0000000100000000)
  eden space 3072K, 0% used [0x00000000eab00000,0x00000000eab00000,0x00000000eae00000)
  from space 512K, 87% used [0x00000000eaf00000,0x00000000eaf70000,0x00000000eaf80000)
  to   space 512K, 0% used [0x00000000eae80000,0x00000000eae80000,0x00000000eaf00000)
 ParOldGen       total 180736K, used 148280K [0x00000000c0000000, 0x00000000cb080000, 0x00000000eab00000)
  object space 180736K, 82% used [0x00000000c0000000,0x00000000c90ce118,0x00000000cb080000)
 Metaspace       used 86413K, committed 87744K, reserved 1179648K
  class space    used 8625K, committed 9216K, reserved 1048576K
}
Event: 4601.685 GC heap before
{Heap before GC invocations=718 (full 17):
 PSYoungGen      total 3584K, used 3520K [0x00000000eab00000, 0x00000000eaf80000, 0x0000000100000000)
  eden space 3072K, 100% used [0x00000000eab00000,0x00000000eae00000,0x00000000eae00000)
  from space 512K, 87% used [0x00000000eaf00000,0x00000000eaf70000,0x00000000eaf80000)
  to   space 512K, 0% used [0x00000000eae80000,0x00000000eae80000,0x00000000eaf00000)
 ParOldGen       total 180736K, used 148280K [0x00000000c0000000, 0x00000000cb080000, 0x00000000eab00000)
  object space 180736K, 82% used [0x00000000c0000000,0x00000000c90ce118,0x00000000cb080000)
 Metaspace       used 86413K, committed 87744K, reserved 1179648K
  class space    used 8625K, committed 9216K, reserved 1048576K
}
Event: 4601.686 GC heap after
{Heap after GC invocations=718 (full 17):
 PSYoungGen      total 3584K, used 288K [0x00000000eab00000, 0x00000000eaf80000, 0x0000000100000000)
  eden space 3072K, 0% used [0x00000000eab00000,0x00000000eab00000,0x00000000eae00000)
  from space 512K, 56% used [0x00000000eae80000,0x00000000eaec8000,0x00000000eaf00000)
  to   space 512K, 0% used [0x00000000eaf00000,0x00000000eaf00000,0x00000000eaf80000)
 ParOldGen       total 180736K, used 148512K [0x00000000c0000000, 0x00000000cb080000, 0x00000000eab00000)
  object space 180736K, 82% used [0x00000000c0000000,0x00000000c9108138,0x00000000cb080000)
 Metaspace       used 86413K, committed 87744K, reserved 1179648K
  class space    used 8625K, committed 9216K, reserved 1048576K
}
Event: 4601.700 GC heap before
{Heap before GC invocations=719 (full 17):
 PSYoungGen      total 3584K, used 3360K [0x00000000eab00000, 0x00000000eaf80000, 0x0000000100000000)
  eden space 3072K, 100% used [0x00000000eab00000,0x00000000eae00000,0x00000000eae00000)
  from space 512K, 56% used [0x00000000eae80000,0x00000000eaec8000,0x00000000eaf00000)
  to   space 512K, 0% used [0x00000000eaf00000,0x00000000eaf00000,0x00000000eaf80000)
 ParOldGen       total 180736K, used 148512K [0x00000000c0000000, 0x00000000cb080000, 0x00000000eab00000)
  object space 180736K, 82% used [0x00000000c0000000,0x00000000c9108138,0x00000000cb080000)
 Metaspace       used 86413K, committed 87744K, reserved 1179648K
  class space    used 8625K, committed 9216K, reserved 1048576K
}
Event: 4601.701 GC heap after
{Heap after GC invocations=719 (full 17):
 PSYoungGen      total 3584K, used 499K [0x00000000eab00000, 0x00000000eb000000, 0x0000000100000000)
  eden space 3072K, 0% used [0x00000000eab00000,0x00000000eab00000,0x00000000eae00000)
  from space 512K, 97% used [0x00000000eaf00000,0x00000000eaf7cd60,0x00000000eaf80000)
  to   space 1024K, 0% used [0x00000000eae00000,0x00000000eae00000,0x00000000eaf00000)
 ParOldGen       total 180736K, used 148712K [0x00000000c0000000, 0x00000000cb080000, 0x00000000eab00000)
  object space 180736K, 82% used [0x00000000c0000000,0x00000000c913a158,0x00000000cb080000)
 Metaspace       used 86413K, committed 87744K, reserved 1179648K
  class space    used 8625K, committed 9216K, reserved 1048576K
}
Event: 4601.855 GC heap before
{Heap before GC invocations=720 (full 17):
 PSYoungGen      total 3584K, used 3569K [0x00000000eab00000, 0x00000000eb000000, 0x0000000100000000)
  eden space 3072K, 99% used [0x00000000eab00000,0x00000000eadff848,0x00000000eae00000)
  from space 512K, 97% used [0x00000000eaf00000,0x00000000eaf7cd60,0x00000000eaf80000)
  to   space 1024K, 0% used [0x00000000eae00000,0x00000000eae00000,0x00000000eaf00000)
 ParOldGen       total 180736K, used 148712K [0x00000000c0000000, 0x00000000cb080000, 0x00000000eab00000)
  object space 180736K, 82% used [0x00000000c0000000,0x00000000c913a158,0x00000000cb080000)
 Metaspace       used 86424K, committed 87744K, reserved 1179648K
  class space    used 8625K, committed 9216K, reserved 1048576K
}
Event: 4601.856 GC heap after
{Heap after GC invocations=720 (full 17):
 PSYoungGen      total 4096K, used 512K [0x00000000eab00000, 0x00000000eb000000, 0x0000000100000000)
  eden space 3072K, 0% used [0x00000000eab00000,0x00000000eab00000,0x00000000eae00000)
  from space 1024K, 50% used [0x00000000eae00000,0x00000000eae80020,0x00000000eaf00000)
  to   space 1024K, 0% used [0x00000000eaf00000,0x00000000eaf00000,0x00000000eb000000)
 ParOldGen       total 180736K, used 148984K [0x00000000c0000000, 0x00000000cb080000, 0x00000000eab00000)
  object space 180736K, 82% used [0x00000000c0000000,0x00000000c917e158,0x00000000cb080000)
 Metaspace       used 86424K, committed 87744K, reserved 1179648K
  class space    used 8625K, committed 9216K, reserved 1048576K
}

Dll operation events (10 events):
Event: 0.011 Loaded shared library c:\Users\napol\.vscode\extensions\redhat.java-1.38.0-win32-x64\jre\17.0.13-win32-x86_64\bin\java.dll
Event: 0.170 Loaded shared library c:\Users\napol\.vscode\extensions\redhat.java-1.38.0-win32-x64\jre\17.0.13-win32-x86_64\bin\zip.dll
Event: 0.174 Loaded shared library C:\Users\napol\.vscode\extensions\redhat.java-1.38.0-win32-x64\jre\17.0.13-win32-x86_64\bin\instrument.dll
Event: 0.188 Loaded shared library C:\Users\napol\.vscode\extensions\redhat.java-1.38.0-win32-x64\jre\17.0.13-win32-x86_64\bin\net.dll
Event: 0.190 Loaded shared library C:\Users\napol\.vscode\extensions\redhat.java-1.38.0-win32-x64\jre\17.0.13-win32-x86_64\bin\nio.dll
Event: 0.198 Loaded shared library C:\Users\napol\.vscode\extensions\redhat.java-1.38.0-win32-x64\jre\17.0.13-win32-x86_64\bin\zip.dll
Event: 0.219 Loaded shared library C:\Users\napol\.vscode\extensions\redhat.java-1.38.0-win32-x64\jre\17.0.13-win32-x86_64\bin\jimage.dll
Event: 0.299 Loaded shared library c:\Users\napol\.vscode\extensions\redhat.java-1.38.0-win32-x64\jre\17.0.13-win32-x86_64\bin\verify.dll
Event: 1.833 Loaded shared library C:\Users\napol\AppData\Roaming\Code\User\globalStorage\redhat.java\1.38.0\config_win\org.eclipse.equinox.launcher\org.eclipse.equinox.launcher.win32.win32.x86_64_1.2.1100.v20240722-2106\eclipse_11904.dll
Event: 3.820 Loaded shared library C:\Users\napol\AppData\Local\Temp\jna-104588218\jna8416798234934733312.dll

Deoptimization events (20 events):
Event: 4600.510 Thread 0x00000208c3d77330 DEOPT PACKING pc=0x00000208b0a308e8 sp=0x000000f6964fd390
Event: 4600.510 Thread 0x00000208c3d77330 DEOPT UNPACKING pc=0x00000208afb266a3 sp=0x000000f6964fd348 mode 2
Event: 4600.511 Thread 0x00000208c3d796a0 DEOPT PACKING pc=0x00000208b0ee3440 sp=0x000000f698bfeac0
Event: 4600.511 Thread 0x00000208c3d796a0 DEOPT UNPACKING pc=0x00000208afb266a3 sp=0x000000f698bfea50 mode 2
Event: 4600.527 Thread 0x00000208c3d78260 Uncommon trap: trap_request=0xffffff45 fr.pc=0x00000208b0eeaaf4 relative=0x00000000000006f4
Event: 4600.527 Thread 0x00000208c3d78260 Uncommon trap: reason=unstable_if action=reinterpret pc=0x00000208b0eeaaf4 method=org.eclipse.jdt.internal.core.index.DiskIndex.addQueryResults([[C[CILorg/eclipse/jdt/internal/core/index/MemoryIndex;)Lorg/eclipse/jdt/internal/compiler/util/HashtableOfObje
Event: 4600.527 Thread 0x00000208c3d78260 DEOPT PACKING pc=0x00000208b0eeaaf4 sp=0x000000f698dfecd0
Event: 4600.527 Thread 0x00000208c3d78260 DEOPT UNPACKING pc=0x00000208afb266a3 sp=0x000000f698dfed20 mode 2
Event: 4600.533 Thread 0x00000208c3d77330 Uncommon trap: trap_request=0xffffff45 fr.pc=0x00000208b0f08b00 relative=0x0000000000000460
Event: 4600.533 Thread 0x00000208c3d77330 Uncommon trap: reason=unstable_if action=reinterpret pc=0x00000208b0f08b00 method=org.eclipse.jdt.internal.compiler.util.SimpleSetOfCharArray.add([C)Ljava/lang/Object; @ 81 c2
Event: 4600.533 Thread 0x00000208c3d77330 DEOPT PACKING pc=0x00000208b0f08b00 sp=0x000000f6964fd340
Event: 4600.533 Thread 0x00000208c3d77330 DEOPT UNPACKING pc=0x00000208afb266a3 sp=0x000000f6964fd2d0 mode 2
Event: 4600.536 Thread 0x00000208c3d77330 Uncommon trap: trap_request=0xffffff45 fr.pc=0x00000208b038e538 relative=0x0000000000000378
Event: 4600.536 Thread 0x00000208c3d77330 Uncommon trap: reason=unstable_if action=reinterpret pc=0x00000208b038e538 method=org.eclipse.jdt.core.compiler.CharOperation.prefixEquals([C[CZI)Z @ 16 c2
Event: 4600.536 Thread 0x00000208c3d77330 DEOPT PACKING pc=0x00000208b038e538 sp=0x000000f6964fd9d0
Event: 4600.536 Thread 0x00000208c3d77330 DEOPT UNPACKING pc=0x00000208afb266a3 sp=0x000000f6964fd960 mode 2
Event: 4600.679 Thread 0x00000208c6a69960 Uncommon trap: trap_request=0xffffff6e fr.pc=0x00000208b0c67d38 relative=0x0000000000000558
Event: 4600.679 Thread 0x00000208c6a69960 Uncommon trap: reason=loop_limit_check action=maybe_recompile pc=0x00000208b0c67d38 method=org.eclipse.jdt.internal.compiler.parser.Parser.getTypeReference(I)Lorg/eclipse/jdt/internal/compiler/ast/TypeReference; @ 546 c2
Event: 4600.679 Thread 0x00000208c6a69960 DEOPT PACKING pc=0x00000208b0c67d38 sp=0x000000f69aafe820
Event: 4600.679 Thread 0x00000208c6a69960 DEOPT UNPACKING pc=0x00000208afb266a3 sp=0x000000f69aafe7c0 mode 2

Classes loaded (20 events):
Event: 308.997 Loading class java/io/ObjectOutputStream$ReplaceTable
Event: 308.997 Loading class java/io/ObjectOutputStream$ReplaceTable done
Event: 1487.286 Loading class java/io/CharArrayReader
Event: 1487.286 Loading class java/io/CharArrayReader done
Event: 1487.287 Loading class java/util/regex/Pattern$Bound
Event: 1487.287 Loading class java/util/regex/Pattern$Bound done
Event: 4283.036 Loading class java/lang/Throwable$WrappedPrintWriter
Event: 4283.036 Loading class java/lang/Throwable$PrintStreamOrWriter
Event: 4283.037 Loading class java/lang/Throwable$PrintStreamOrWriter done
Event: 4283.037 Loading class java/lang/Throwable$WrappedPrintWriter done
Event: 4283.226 Loading class jdk/internal/module/IllegalAccessLogger
Event: 4283.226 Loading class jdk/internal/module/IllegalAccessLogger done
Event: 4283.252 Loading class java/lang/Throwable$WrappedPrintStream
Event: 4283.253 Loading class java/lang/Throwable$WrappedPrintStream done
Event: 4283.582 Loading class java/nio/file/Path$1
Event: 4283.582 Loading class java/nio/file/Path$1 done
Event: 4284.624 Loading class java/lang/StackStreamFactory$CallerClassFinder
Event: 4284.624 Loading class java/lang/StackStreamFactory$CallerClassFinder done
Event: 4284.624 Loading class java/lang/StackStreamFactory$CallerClassFinder$ClassBuffer
Event: 4284.624 Loading class java/lang/StackStreamFactory$CallerClassFinder$ClassBuffer done

Classes unloaded (20 events):
Event: 1487.595 Thread 0x00000208a5a9d860 Unloading class 0x000000010022c800 'jdk/internal/reflect/GeneratedConstructorAccessor4'
Event: 1487.595 Thread 0x00000208a5a9d860 Unloading class 0x0000000100228400 'java/lang/invoke/LambdaForm$MH+0x0000000100228400'
Event: 1487.595 Thread 0x00000208a5a9d860 Unloading class 0x0000000100228000 'java/lang/invoke/LambdaForm$MH+0x0000000100228000'
Event: 1487.595 Thread 0x00000208a5a9d860 Unloading class 0x0000000100225c00 'java/lang/invoke/LambdaForm$MH+0x0000000100225c00'
Event: 1487.595 Thread 0x00000208a5a9d860 Unloading class 0x0000000100224c00 'java/lang/invoke/LambdaForm$MH+0x0000000100224c00'
Event: 1487.595 Thread 0x00000208a5a9d860 Unloading class 0x0000000100224800 'java/lang/invoke/LambdaForm$MH+0x0000000100224800'
Event: 1487.595 Thread 0x00000208a5a9d860 Unloading class 0x0000000100224000 'java/lang/invoke/LambdaForm$MH+0x0000000100224000'
Event: 1487.595 Thread 0x00000208a5a9d860 Unloading class 0x00000001001b9400 'java/lang/invoke/LambdaForm$MH+0x00000001001b9400'
Event: 1487.595 Thread 0x00000208a5a9d860 Unloading class 0x00000001001b9000 'java/lang/invoke/LambdaForm$MH+0x00000001001b9000'
Event: 1487.595 Thread 0x00000208a5a9d860 Unloading class 0x00000001001b8c00 'java/lang/invoke/LambdaForm$MH+0x00000001001b8c00'
Event: 1487.595 Thread 0x00000208a5a9d860 Unloading class 0x00000001001b8800 'java/lang/invoke/LambdaForm$MH+0x00000001001b8800'
Event: 1487.595 Thread 0x00000208a5a9d860 Unloading class 0x00000001001b8400 'java/lang/invoke/LambdaForm$MH+0x00000001001b8400'
Event: 1487.595 Thread 0x00000208a5a9d860 Unloading class 0x00000001001b8000 'java/lang/invoke/LambdaForm$MH+0x00000001001b8000'
Event: 1487.595 Thread 0x00000208a5a9d860 Unloading class 0x00000001001b1c00 'java/lang/invoke/LambdaForm$MH+0x00000001001b1c00'
Event: 1487.595 Thread 0x00000208a5a9d860 Unloading class 0x00000001001b1800 'java/lang/invoke/LambdaForm$MH+0x00000001001b1800'
Event: 1487.595 Thread 0x00000208a5a9d860 Unloading class 0x0000000100129000 'jdk/internal/reflect/GeneratedMethodAccessor5'
Event: 1487.595 Thread 0x00000208a5a9d860 Unloading class 0x0000000100128c00 'jdk/internal/reflect/GeneratedMethodAccessor4'
Event: 1487.595 Thread 0x00000208a5a9d860 Unloading class 0x0000000100128800 'jdk/internal/reflect/GeneratedMethodAccessor3'
Event: 4284.043 Thread 0x00000208a5a9d860 Unloading class 0x0000000100128400 'jdk/internal/reflect/GeneratedMethodAccessor2'
Event: 4284.043 Thread 0x00000208a5a9d860 Unloading class 0x0000000100128000 'jdk/internal/reflect/GeneratedMethodAccessor1'

Classes redefined (0 events):
No events

Internal exceptions (20 events):
Event: 4284.311 Thread 0x00000208c5e511d0 Exception <a 'java/io/IOException'{0x00000000eac8bf38}> (0x00000000eac8bf38) 
thrown [s\src\hotspot\share\prims\jni.cpp, line 516]
Event: 4284.315 Thread 0x00000208c5e511d0 Exception <a 'java/io/IOException'{0x00000000ead11c80}> (0x00000000ead11c80) 
thrown [s\src\hotspot\share\prims\jni.cpp, line 516]
Event: 4284.317 Thread 0x00000208c5e511d0 Exception <a 'java/io/IOException'{0x00000000ead3f768}> (0x00000000ead3f768) 
thrown [s\src\hotspot\share\prims\jni.cpp, line 516]
Event: 4284.369 Thread 0x00000208c1b9b860 Exception <a 'java/io/IOException'{0x00000000eab07398}> (0x00000000eab07398) 
thrown [s\src\hotspot\share\prims\jni.cpp, line 516]
Event: 4284.371 Thread 0x00000208c1b9b860 Exception <a 'java/io/IOException'{0x00000000eab2c790}> (0x00000000eab2c790) 
thrown [s\src\hotspot\share\prims\jni.cpp, line 516]
Event: 4284.375 Thread 0x00000208c1b9b860 Exception <a 'java/io/IOException'{0x00000000eab91430}> (0x00000000eab91430) 
thrown [s\src\hotspot\share\prims\jni.cpp, line 516]
Event: 4284.377 Thread 0x00000208c1b9b860 Exception <a 'java/io/IOException'{0x00000000eabbba08}> (0x00000000eabbba08) 
thrown [s\src\hotspot\share\prims\jni.cpp, line 516]
Event: 4284.623 Thread 0x00000208c6a69960 Exception <a 'java/io/IOException'{0x00000000eabea640}> (0x00000000eabea640) 
thrown [s\src\hotspot\share\prims\jni.cpp, line 516]
Event: 4285.028 Thread 0x00000208c3d75ef0 Exception <a 'java/io/IOException'{0x00000000ead07620}> (0x00000000ead07620) 
thrown [s\src\hotspot\share\prims\jni.cpp, line 516]
Event: 4285.076 Thread 0x00000208c3d75ef0 Exception <a 'java/io/IOException'{0x00000000eac05d38}> (0x00000000eac05d38) 
thrown [s\src\hotspot\share\prims\jni.cpp, line 516]
Event: 4285.136 Thread 0x00000208c3d75ef0 Exception <a 'java/io/IOException'{0x00000000eab48480}> (0x00000000eab48480) 
thrown [s\src\hotspot\share\prims\jni.cpp, line 516]
Event: 4285.137 Thread 0x00000208c3d75ef0 Exception <a 'java/io/IOException'{0x00000000eab633c8}> (0x00000000eab633c8) 
thrown [s\src\hotspot\share\prims\jni.cpp, line 516]
Event: 4285.249 Thread 0x00000208c3d75ef0 Exception <a 'java/io/IOException'{0x00000000eabd6710}> (0x00000000eabd6710) 
thrown [s\src\hotspot\share\prims\jni.cpp, line 516]
Event: 4285.251 Thread 0x00000208c3d75ef0 Exception <a 'java/io/IOException'{0x00000000eabf7688}> (0x00000000eabf7688) 
thrown [s\src\hotspot\share\prims\jni.cpp, line 516]
Event: 4285.254 Thread 0x00000208c3d75ef0 Exception <a 'java/io/IOException'{0x00000000eac154c0}> (0x00000000eac154c0) 
thrown [s\src\hotspot\share\prims\jni.cpp, line 516]
Event: 4583.116 Thread 0x00000208c3d75ef0 Exception <a 'java/lang/NoSuchMethodError'{0x00000000eac11780}: static Lorg/eclipse/m2e/core/internal/lifecyclemapping/model/PluginExecutionMetadata;.<clinit>()V> (0x00000000eac11780) 
thrown [s\src\hotspot\share\prims\jni.cpp, line 1112]
Event: 4583.117 Thread 0x00000208c3d75ef0 Exception <a 'java/lang/NoSuchMethodError'{0x00000000eac34000}: static Lorg/eclipse/m2e/core/internal/lifecyclemapping/model/PluginExecutionFilter;.<clinit>()V> (0x00000000eac34000) 
thrown [s\src\hotspot\share\prims\jni.cpp, line 1112]
Event: 4583.119 Thread 0x00000208c3d75ef0 Exception <a 'java/lang/NoSuchMethodError'{0x00000000eac4f300}: static Lorg/eclipse/m2e/core/internal/project/registry/MavenProjectFacade$MavenProjectConfiguration;.<clinit>()V> (0x00000000eac4f300) 
thrown [s\src\hotspot\share\prims\jni.cpp, line 1112]
Event: 4583.120 Thread 0x00000208c3d75ef0 Exception <a 'java/lang/NoSuchMethodError'{0x00000000eac6a210}: static [J.<clinit>()V> (0x00000000eac6a210) 
thrown [s\src\hotspot\share\prims\jni.cpp, line 1112]
Event: 4600.479 Thread 0x00000208c3d77330 Exception <a 'java/lang/ArrayIndexOutOfBoundsException'{0x00000000eacc7358}: Index 986 out of bounds for length 986> (0x00000000eacc7358) 
thrown [s\src\hotspot\share\interpreter\interpreterRuntime.cpp, line 428]

VM Operations (20 events):
Event: 4600.687 Executing VM operation: ParallelGCFailedAllocation
Event: 4600.689 Executing VM operation: ParallelGCFailedAllocation done
Event: 4600.697 Executing VM operation: ParallelGCFailedAllocation
Event: 4600.698 Executing VM operation: ParallelGCFailedAllocation done
Event: 4600.709 Executing VM operation: ParallelGCFailedAllocation
Event: 4600.710 Executing VM operation: ParallelGCFailedAllocation done
Event: 4601.577 Executing VM operation: ParallelGCFailedAllocation
Event: 4601.578 Executing VM operation: ParallelGCFailedAllocation done
Event: 4601.660 Executing VM operation: ParallelGCFailedAllocation
Event: 4601.662 Executing VM operation: ParallelGCFailedAllocation done
Event: 4601.667 Executing VM operation: ParallelGCFailedAllocation
Event: 4601.669 Executing VM operation: ParallelGCFailedAllocation done
Event: 4601.678 Executing VM operation: ParallelGCFailedAllocation
Event: 4601.679 Executing VM operation: ParallelGCFailedAllocation done
Event: 4601.685 Executing VM operation: ParallelGCFailedAllocation
Event: 4601.686 Executing VM operation: ParallelGCFailedAllocation done
Event: 4601.700 Executing VM operation: ParallelGCFailedAllocation
Event: 4601.701 Executing VM operation: ParallelGCFailedAllocation done
Event: 4601.855 Executing VM operation: ParallelGCFailedAllocation
Event: 4601.856 Executing VM operation: ParallelGCFailedAllocation done

Memory protections (0 events):
No events

Nmethod flushes (20 events):
Event: 4284.605 Thread 0x00000208bebec550 flushing  nmethod 0x00000208aa6c0d90
Event: 4284.605 Thread 0x00000208bebec550 flushing  nmethod 0x00000208aa6ff590
Event: 4600.472 Thread 0x00000208bebec550 flushing  nmethod 0x00000208b038e010
Event: 4600.480 Thread 0x00000208bebec550 flushing  nmethod 0x00000208a871a010
Event: 4600.480 Thread 0x00000208bebec550 flushing  nmethod 0x00000208a8720190
Event: 4600.485 Thread 0x00000208bebec550 flushing  nmethod 0x00000208a8b7ec10
Event: 4600.486 Thread 0x00000208bebec550 flushing  nmethod 0x00000208a8c44b10
Event: 4600.488 Thread 0x00000208bebec550 flushing  nmethod 0x00000208a8f63d90
Event: 4600.489 Thread 0x00000208bebec550 flushing  nmethod 0x00000208a8f8ef90
Event: 4600.489 Thread 0x00000208bebec550 flushing  nmethod 0x00000208a9068d10
Event: 4600.494 Thread 0x00000208bebec550 flushing  nmethod 0x00000208a968e090
Event: 4600.495 Thread 0x00000208bebec550 flushing  nmethod 0x00000208a9723490
Event: 4600.495 Thread 0x00000208bebec550 flushing  nmethod 0x00000208a972aa10
Event: 4600.495 Thread 0x00000208bebec550 flushing  nmethod 0x00000208a9733b90
Event: 4600.495 Thread 0x00000208bebec550 flushing  nmethod 0x00000208a9743f10
Event: 4600.498 Thread 0x00000208bebec550 flushing  nmethod 0x00000208a9884690
Event: 4600.498 Thread 0x00000208bebec550 flushing  nmethod 0x00000208a99eb810
Event: 4600.501 Thread 0x00000208bebec550 flushing  nmethod 0x00000208a9a82690
Event: 4600.505 Thread 0x00000208bebec550 flushing  nmethod 0x00000208a9e8a290
Event: 4600.507 Thread 0x00000208bebec550 flushing  nmethod 0x00000208aa0a6590

Events (20 events):
Event: 4596.225 Thread 0x00000208c6a69960 Thread added: 0x00000208c3d74090
Event: 4596.526 Thread 0x00000208c3d7aff0 Thread added: 0x00000208c3d77d50
Event: 4600.171 Thread 0x00000208c3d77d50 Thread added: 0x00000208c3d796a0
Event: 4600.413 Thread 0x00000208c3d77330 Thread added: 0x00000208c3d78260
Event: 4600.502 Thread 0x00000208bebdace0 Thread added: 0x00000208c8f3cba0
Event: 4600.507 Thread 0x00000208c5e50cc0 Thread added: 0x00000208c3d79190
Event: 4600.510 Thread 0x00000208c3d79190 Thread added: 0x00000208c3d78770
Event: 4600.511 Thread 0x00000208c3d78770 Thread added: 0x00000208c3d78c80
Event: 4600.512 Thread 0x00000208c3d77330 Thread added: 0x00000208c3d7a5d0
Event: 4600.513 Thread 0x00000208c3d78c80 Thread added: 0x00000208c3d7ba10
Event: 4600.513 Thread 0x00000208c3d7a5d0 Thread added: 0x00000208c3d745a0
Event: 4600.513 Thread 0x00000208bebdace0 Thread added: 0x00000208c8f3bbb0
Event: 4600.513 Thread 0x00000208bebdace0 Thread added: 0x00000208c8f39130
Event: 4600.513 Thread 0x00000208bebdace0 Thread added: 0x00000208c8f356c0
Event: 4600.514 Thread 0x00000208c8f39130 Thread added: 0x00000208c8f35c10
Event: 4600.978 Thread 0x00000208c8f35c10 Thread exited: 0x00000208c8f35c10
Event: 4600.979 Thread 0x00000208c8f3cba0 Thread exited: 0x00000208c8f3cba0
Event: 4601.575 Thread 0x00000208c8f356c0 Thread exited: 0x00000208c8f356c0
Event: 4601.670 Thread 0x00000208bebdace0 Thread added: 0x00000208c8f3abc0
Event: 4601.681 Thread 0x00000208c8f3bbb0 Thread added: 0x00000208c8f3cba0


Dynamic libraries:
0x00007ff62c8c0000 - 0x00007ff62c8ce000 	c:\Users\napol\.vscode\extensions\redhat.java-1.38.0-win32-x64\jre\17.0.13-win32-x86_64\bin\java.exe
0x00007fff91210000 - 0x00007fff91408000 	C:\Windows\SYSTEM32\ntdll.dll
0x00007fff910d0000 - 0x00007fff91192000 	C:\Windows\System32\KERNEL32.DLL
0x00007fff8ea10000 - 0x00007fff8ed0e000 	C:\Windows\System32\KERNELBASE.dll
0x00007fff8f100000 - 0x00007fff8f200000 	C:\Windows\System32\ucrtbase.dll
0x00007fff834f0000 - 0x00007fff8350e000 	c:\Users\napol\.vscode\extensions\redhat.java-1.38.0-win32-x64\jre\17.0.13-win32-x86_64\bin\VCRUNTIME140.dll
0x00007fff87130000 - 0x00007fff87147000 	c:\Users\napol\.vscode\extensions\redhat.java-1.38.0-win32-x64\jre\17.0.13-win32-x86_64\bin\jli.dll
0x00007fff8f500000 - 0x00007fff8f69d000 	C:\Windows\System32\USER32.dll
0x00007fff8f060000 - 0x00007fff8f082000 	C:\Windows\System32\win32u.dll
0x00007fff7e0d0000 - 0x00007fff7e36a000 	C:\Windows\WinSxS\amd64_microsoft.windows.common-controls_6595b64144ccf1df_6.0.19041.4355_none_60b8b9eb71f62e16\COMCTL32.dll
0x00007fff8f4d0000 - 0x00007fff8f4fb000 	C:\Windows\System32\GDI32.dll
0x00007fff8f6a0000 - 0x00007fff8f73e000 	C:\Windows\System32\msvcrt.dll
0x00007fff8ed10000 - 0x00007fff8ee27000 	C:\Windows\System32\gdi32full.dll
0x00007fff8efc0000 - 0x00007fff8f05d000 	C:\Windows\System32\msvcp_win.dll
0x00007fff8f2f0000 - 0x00007fff8f31f000 	C:\Windows\System32\IMM32.DLL
0x00007fff89250000 - 0x00007fff8925c000 	c:\Users\napol\.vscode\extensions\redhat.java-1.38.0-win32-x64\jre\17.0.13-win32-x86_64\bin\vcruntime140_1.dll
0x00007fff422c0000 - 0x00007fff4234d000 	c:\Users\napol\.vscode\extensions\redhat.java-1.38.0-win32-x64\jre\17.0.13-win32-x86_64\bin\msvcp140.dll
0x00007fff03bb0000 - 0x00007fff0481b000 	c:\Users\napol\.vscode\extensions\redhat.java-1.38.0-win32-x64\jre\17.0.13-win32-x86_64\bin\server\jvm.dll
0x00007fff8f330000 - 0x00007fff8f3e1000 	C:\Windows\System32\ADVAPI32.dll
0x00007fff8fa90000 - 0x00007fff8fb2f000 	C:\Windows\System32\sechost.dll
0x00007fff8f740000 - 0x00007fff8f863000 	C:\Windows\System32\RPCRT4.dll
0x00007fff8e880000 - 0x00007fff8e8a7000 	C:\Windows\System32\bcrypt.dll
0x00007fff90070000 - 0x00007fff900db000 	C:\Windows\System32\WS2_32.dll
0x00007fff81fc0000 - 0x00007fff81fe7000 	C:\Windows\SYSTEM32\WINMM.dll
0x00007fff8dd90000 - 0x00007fff8dddb000 	C:\Windows\SYSTEM32\POWRPROF.dll
0x00007fff85bb0000 - 0x00007fff85bba000 	C:\Windows\SYSTEM32\VERSION.dll
0x00007fff8dc50000 - 0x00007fff8dc62000 	C:\Windows\SYSTEM32\UMPDC.dll
0x00007fff8d060000 - 0x00007fff8d072000 	C:\Windows\SYSTEM32\kernel.appcore.dll
0x00007fff86df0000 - 0x00007fff86dfa000 	c:\Users\napol\.vscode\extensions\redhat.java-1.38.0-win32-x64\jre\17.0.13-win32-x86_64\bin\jimage.dll
0x00007fff840c0000 - 0x00007fff842a4000 	C:\Windows\SYSTEM32\DBGHELP.DLL
0x00007fff7dba0000 - 0x00007fff7dbd4000 	C:\Windows\SYSTEM32\dbgcore.DLL
0x00007fff8ee30000 - 0x00007fff8eeb2000 	C:\Windows\System32\bcryptPrimitives.dll
0x00007fff84990000 - 0x00007fff8499e000 	c:\Users\napol\.vscode\extensions\redhat.java-1.38.0-win32-x64\jre\17.0.13-win32-x86_64\bin\instrument.dll
0x00007fff689b0000 - 0x00007fff689d5000 	c:\Users\napol\.vscode\extensions\redhat.java-1.38.0-win32-x64\jre\17.0.13-win32-x86_64\bin\java.dll
0x00007fff7d920000 - 0x00007fff7d938000 	c:\Users\napol\.vscode\extensions\redhat.java-1.38.0-win32-x64\jre\17.0.13-win32-x86_64\bin\zip.dll
0x00007fff90960000 - 0x00007fff910cd000 	C:\Windows\System32\SHELL32.dll
0x00007fff8c8a0000 - 0x00007fff8d044000 	C:\Windows\SYSTEM32\windows.storage.dll
0x00007fff90280000 - 0x00007fff905d3000 	C:\Windows\System32\combase.dll
0x00007fff8e2b0000 - 0x00007fff8e2de000 	C:\Windows\SYSTEM32\Wldp.dll
0x00007fff8fb30000 - 0x00007fff8fbfd000 	C:\Windows\System32\OLEAUT32.dll
0x00007fff900f0000 - 0x00007fff9019d000 	C:\Windows\System32\SHCORE.dll
0x00007fff8f290000 - 0x00007fff8f2e5000 	C:\Windows\System32\shlwapi.dll
0x00007fff8e7b0000 - 0x00007fff8e7d4000 	C:\Windows\SYSTEM32\profapi.dll
0x00007fff7a250000 - 0x00007fff7a269000 	C:\Users\napol\.vscode\extensions\redhat.java-1.38.0-win32-x64\jre\17.0.13-win32-x86_64\bin\net.dll
0x00007fff85620000 - 0x00007fff8572d000 	C:\Windows\SYSTEM32\WINHTTP.dll
0x00007fff8dfc0000 - 0x00007fff8e02a000 	C:\Windows\system32\mswsock.dll
0x00007fff78c70000 - 0x00007fff78c86000 	C:\Users\napol\.vscode\extensions\redhat.java-1.38.0-win32-x64\jre\17.0.13-win32-x86_64\bin\nio.dll
0x00007fff834c0000 - 0x00007fff834d0000 	c:\Users\napol\.vscode\extensions\redhat.java-1.38.0-win32-x64\jre\17.0.13-win32-x86_64\bin\verify.dll
0x00007fff43340000 - 0x00007fff43385000 	C:\Users\napol\AppData\Roaming\Code\User\globalStorage\redhat.java\1.38.0\config_win\org.eclipse.equinox.launcher\org.eclipse.equinox.launcher.win32.win32.x86_64_1.2.1100.v20240722-2106\eclipse_11904.dll
0x00007fff90720000 - 0x00007fff9084b000 	C:\Windows\System32\ole32.dll
0x00007fff8e1e0000 - 0x00007fff8e1f8000 	C:\Windows\SYSTEM32\CRYPTSP.dll
0x00007fff8d880000 - 0x00007fff8d8b4000 	C:\Windows\system32\rsaenh.dll
0x00007fff8e730000 - 0x00007fff8e75e000 	C:\Windows\SYSTEM32\USERENV.dll
0x00007fff8e200000 - 0x00007fff8e20c000 	C:\Windows\SYSTEM32\CRYPTBASE.dll
0x00007fff8dc70000 - 0x00007fff8dcab000 	C:\Windows\SYSTEM32\IPHLPAPI.DLL
0x00007fff8f320000 - 0x00007fff8f328000 	C:\Windows\System32\NSI.dll
0x00007fff87590000 - 0x00007fff875a7000 	C:\Windows\SYSTEM32\dhcpcsvc6.DLL
0x00007fff87530000 - 0x00007fff8754d000 	C:\Windows\SYSTEM32\dhcpcsvc.DLL
0x00007fff8dcc0000 - 0x00007fff8dd8a000 	C:\Windows\SYSTEM32\DNSAPI.dll
0x00007fff42960000 - 0x00007fff429a9000 	C:\Users\napol\AppData\Local\Temp\jna-104588218\jna8416798234934733312.dll
0x00007fff900e0000 - 0x00007fff900e8000 	C:\Windows\System32\PSAPI.DLL
0x00007fff8dad0000 - 0x00007fff8db03000 	C:\Windows\SYSTEM32\ntmarta.dll

dbghelp: loaded successfully - version: 4.0.5 - missing functions: none
symbol engine: initialized successfully - sym options: 0x614 - pdb path: .;c:\Users\napol\.vscode\extensions\redhat.java-1.38.0-win32-x64\jre\17.0.13-win32-x86_64\bin;C:\Windows\SYSTEM32;C:\Windows\WinSxS\amd64_microsoft.windows.common-controls_6595b64144ccf1df_6.0.19041.4355_none_60b8b9eb71f62e16;c:\Users\napol\.vscode\extensions\redhat.java-1.38.0-win32-x64\jre\17.0.13-win32-x86_64\bin\server;C:\Users\napol\AppData\Roaming\Code\User\globalStorage\redhat.java\1.38.0\config_win\org.eclipse.equinox.launcher\org.eclipse.equinox.launcher.win32.win32.x86_64_1.2.1100.v20240722-2106;C:\Users\napol\AppData\Local\Temp\jna-104588218

VM Arguments:
jvm_args: --add-modules=ALL-SYSTEM --add-opens=java.base/java.util=ALL-UNNAMED --add-opens=java.base/java.lang=ALL-UNNAMED --add-opens=java.base/sun.nio.fs=ALL-UNNAMED -Declipse.application=org.eclipse.jdt.ls.core.id1 -Dosgi.bundles.defaultStartLevel=4 -Declipse.product=org.eclipse.jdt.ls.core.product -Djava.import.generatesMetadataFilesAtProjectRoot=false -DDetectVMInstallationsJob.disabled=true -Dfile.encoding=utf8 -XX:+UseParallelGC -XX:GCTimeRatio=4 -XX:AdaptiveSizePolicyWeight=90 -Dsun.zip.disableMemoryMapping=true -Xmx1G -Xms100m -Xlog:disable -javaagent:c:\Users\napol\.vscode\extensions\redhat.java-1.38.0-win32-x64\lombok\lombok-1.18.34.jar -XX:+HeapDumpOnOutOfMemoryError -XX:HeapDumpPath=c:\Users\napol\AppData\Roaming\Code\User\workspaceStorage\371b05527a7bda087bace31789946f13\redhat.java -Daether.dependencyCollector.impl=bf 
java_command: c:\Users\napol\.vscode\extensions\redhat.java-1.38.0-win32-x64\server\plugins\org.eclipse.equinox.launcher_1.6.900.v20240613-2009.jar -configuration c:\Users\napol\AppData\Roaming\Code\User\globalStorage\redhat.java\1.38.0\config_win -data c:\Users\napol\AppData\Roaming\Code\User\workspaceStorage\371b05527a7bda087bace31789946f13\redhat.java\jdt_ws --pipe=\\.\pipe\lsp-6a1c336cbd140d5cabf1e3df7931f0da-sock
java_class_path (initial): c:\Users\napol\.vscode\extensions\redhat.java-1.38.0-win32-x64\server\plugins\org.eclipse.equinox.launcher_1.6.900.v20240613-2009.jar
Launcher Type: SUN_STANDARD

[Global flags]
    uintx AdaptiveSizePolicyWeight                 = 90                                        {product} {command line}
     intx CICompilerCount                          = 12                                        {product} {ergonomic}
    uintx GCTimeRatio                              = 4                                         {product} {command line}
     bool HeapDumpOnOutOfMemoryError               = true                                   {manageable} {command line}
    ccstr HeapDumpPath                             = c:\Users\napol\AppData\Roaming\Code\User\workspaceStorage\371b05527a7bda087bace31789946f13\redhat.java         {manageable} {command line}
   size_t InitialHeapSize                          = 104857600                                 {product} {command line}
   size_t MaxHeapSize                              = 1073741824                                {product} {command line}
   size_t MaxNewSize                               = 357564416                                 {product} {ergonomic}
   size_t MinHeapDeltaBytes                        = 524288                                    {product} {ergonomic}
   size_t MinHeapSize                              = 104857600                                 {product} {command line}
   size_t NewSize                                  = 34603008                                  {product} {ergonomic}
    uintx NonNMethodCodeHeapSize                   = 7602480                                {pd product} {ergonomic}
    uintx NonProfiledCodeHeapSize                  = 122027880                              {pd product} {ergonomic}
   size_t OldSize                                  = 70254592                                  {product} {ergonomic}
    uintx ProfiledCodeHeapSize                     = 122027880                              {pd product} {ergonomic}
    uintx ReservedCodeCacheSize                    = 251658240                              {pd product} {ergonomic}
     bool SegmentedCodeCache                       = true                                      {product} {ergonomic}
   size_t SoftMaxHeapSize                          = 1073741824                             {manageable} {ergonomic}
     bool UseCompressedClassPointers               = true                           {product lp64_product} {ergonomic}
     bool UseCompressedOops                        = true                           {product lp64_product} {ergonomic}
     bool UseLargePagesIndividualAllocation        = false                                  {pd product} {ergonomic}
     bool UseParallelGC                            = true                                      {product} {command line}

Logging:
Log output configuration:
 #0: stdout all=off uptime,level,tags
 #1: stderr all=off uptime,level,tags

Environment Variables:
JAVA_HOME=C:\Program Files\Java\jdk-20
PATH=C:\Python313\Scripts\;C:\Python313\;C:\Program Files\Eclipse Adoptium\jdk-17.0.10.7-hotspot\bin;C:\Program Files\Common Files\Oracle\Java\javapath;C:\Program Files (x86)\Common Files\Oracle\Java\javapath;C:\Windows\system32;C:\Windows;C:\Windows\System32\Wbem;C:\Windows\System32\WindowsPowerShell\v1.0\;C:\Windows\System32\OpenSSH\;C:\Program Files (x86)\NVIDIA Corporation\PhysX\Common;C:\Program Files\NVIDIA Corporation\NVIDIA NvDLISR;C:\Program Files\dotnet\;C:\Program Files (x86)\dotnet\;C:\Program Files\PuTTY\;C:\Program Files\Git\cmd;C:\Program Files\WireGuard\;C:\Program Files\Docker\Docker\resources\bin;C:\Program Files\nodejs\;C:\ProgramData\chocolatey\bin;C:\Program Files\Common Files\Oracle\Java\javapath;C:\Windows\system32;C:\Windows;C:\Windows\System32\Wbem;C:\Windows\System32\WindowsPowerShell\v1.0\;C:\Windows\System32\OpenSSH\;C:\Program Files (x86)\NVIDIA Corporation\PhysX\Common;C:\Program Files\NVIDIA Corporation\NVIDIA NvDLISR;C:\Program Files\dotnet\;C:\Program Files (x86)\dotnet\;C:\Program Files\Git\cmd;C:\Users\napol\AppData\Local\Programs\Python\Python312\Scripts\;C:\Users\napol\AppData\Local\Programs\Python\Python312\;C:\Users\napol\AppData\Local\Microsoft\WindowsApps;C:\Program Files\JetBrains\IntelliJ IDEA 2022.1.2\bin;C:\apache-maven-3.9.5-bin\apache-maven-3.9.5\bin;C:\Program Files\Ant\apache-ant-1.10.14\bin;C:\Program Files\JetBrains\PyCharm Community Edition 2023.2.3\bin;;C:\Users\napol\AppData\Local\Programs\Microsoft VS Code\bin;C:\Program Files\PostgreSQL\16\bin;C:\Program Files\JetBrains\IntelliJ IDEA Community Edition 2024.1\bin;;C:\Program Files\JetBrains\IntelliJ IDEA 2024.1.2\bin;;C:\Users\napol\Downloads\php-8.3.10-nts-Win32-vs16-x64\php.exe;C:\Users\napol\AppData\Roaming\npm
USERNAME=napol
OS=Windows_NT
PROCESSOR_IDENTIFIER=AMD64 Family 23 Model 96 Stepping 1, AuthenticAMD
TMP=C:\Users\napol\AppData\Local\Temp
TEMP=C:\Users\napol\AppData\Local\Temp



Periodic native trim disabled


---------------  S Y S T E M  ---------------

OS:
 Windows 10 , 64 bit Build 19041 (10.0.19041.5198)
OS uptime: 0 days 3:17 hours
Hyper-V role detected

CPU: total 16 (initial active 16) (16 cores per cpu, 2 threads per core) family 23 model 96 stepping 1 microcode 0x0, cx8, cmov, fxsr, ht, mmx, 3dnowpref, sse, sse2, sse3, ssse3, sse4a, sse4.1, sse4.2, popcnt, lzcnt, tsc, tscinvbit, avx, avx2, aes, clmul, bmi1, bmi2, adx, sha, fma, vzeroupper, clflush, clflushopt, hv
Processor Information for all 16 processors :
  Max Mhz: 2900, Current Mhz: 2900, Mhz Limit: 2900

Memory: 4k page, system-wide physical 15791M (5600M free)
TotalPageFile size 18925M (AvailPageFile size 21M)
current process WorkingSet (physical memory assigned to process): 614M, peak: 829M
current process commit charge ("private bytes"): 583M, peak: 783M

vm_info: OpenJDK 64-Bit Server VM (17.0.13+11) for windows-amd64 JRE (17.0.13+11), built on Oct 16 2024 00:10:08 by "admin" with MS VC++ 17.7 (VS2022)

END.
